#
# A fatal error has been detected by the Java Runtime Environment:
#
#  EXCEPTION_ACCESS_VIOLATION (0xc0000005) at pc=0x02e515ce, pid=5216, tid=5064
#
# JRE version: 6.0_18-b07
# Java VM: Java HotSpot(TM) Client VM (16.0-b13 mixed mode windows-x86 )
# Problematic frame:
# C  [functions.dll+0x15ce]
#
# If you would like to submit a bug report, please visit:
#   http://java.sun.com/webapps/bugreport/crash.jsp
# The crash happened outside the Java Virtual Machine in native code.
# See problematic frame for where to report the bug.
#

---------------  T H R E A D  ---------------

Current thread (0x07417800):  JavaThread "AWT-EventQueue-0" [_thread_in_native, id=5064, stack(0x08160000,0x08260000)]

siginfo: ExceptionCode=0xc0000005, reading address 0x00000000

Registers:
EAX=0x0e7d5e24, EBX=0x0e7d4168, ECX=0xffffe33c, EDX=0x0e7d4fb8
ESP=0x0825f028, EBP=0x0825f148, ESI=0x0eea4a48, EDI=0x00000000
EIP=0x02e515ce, EFLAGS=0x00010216

Top of Stack: (sp=0x0825f028)
0x0825f028:   0e7d4fb8 0e7d5e24 71464b00 0e7d5e24
0x0825f038:   0e7d4fb8 0825f18c 0ee74438 00000099
0x0825f048:   0e71ab40 002d7980 002d7a94 0ee99288
0x0825f058:   002d7d10 002d0000 0825eff4 0825ef78
0x0825f068:   0825f12c 0ee99288 7760683e 0ee99288
0x0825f078:   00000000 00000007 00000868 0ee74438
0x0825f088:   0ee7c330 0825f18c 0ee74438 0e81b7c0
0x0825f098:   000007d0 00349f78 0825f0b4 756bf1ac 

Instructions: (pc=0x02e515ce)
0x02e515be:   00 00 56 57 8b 44 24 0c 8b 54 24 10 8b 38 8b 32
0x02e515ce:   8a 17 3a 16 75 1a 84 d2 74 12 8a 57 01 3a 56 01 


Stack: [0x08160000,0x08260000],  sp=0x0825f028,  free space=3fc0825eb44k
Native frames: (J=compiled Java code, j=interpreted, Vv=VM code, C=native code)
C  [functions.dll+0x15ce]

Java frames: (J=compiled Java code, j=interpreted, Vv=VM code)
j  org.scilab.modules.scinotes.ScilabKeywordsJNI.GetMacrosName()[Ljava/lang/String;+0
j  org.scilab.modules.scinotes.ScilabKeywords.GetMacrosName()[Ljava/lang/String;+0
j  org.scilab.modules.scinotes.ScilabLexer.update()V+57
j  org.scilab.modules.scinotes.ScilabLexer.<init>(Lorg/scilab/modules/scinotes/ScilabDocument;)V+45
j  org.scilab.modules.scinotes.ScilabDocument.createLexer()Lorg/scilab/modules/scinotes/ScilabLexer;+5
j  org.scilab.modules.scinotes.ScilabEditorPane.initialize(Lorg/scilab/modules/scinotes/ScilabDocument;)V+111
j  org.scilab.modules.scinotes.ScilabEditorPane.setDocument(Ljavax/swing/text/Document;)V+27
j  javax.swing.JEditorPane.setEditorKit(Ljavax/swing/text/EditorKit;)V+47
j  org.scilab.modules.scinotes.SciNotes.initPane(Lorg/scilab/modules/scinotes/ScilabEditorPane;Z)V+13
j  org.scilab.modules.scinotes.SciNotes.initPane(Lorg/scilab/modules/scinotes/ScilabEditorPane;)V+13
j  org.scilab.modules.scinotes.SciNotes.addTab(Ljava/lang/String;I)Lorg/scilab/modules/scinotes/ScilabEditorPane;+11
j  org.scilab.modules.scinotes.SciNotes.addTab(Ljava/lang/String;)Lorg/scilab/modules/scinotes/ScilabEditorPane;+5
j  org.scilab.modules.scinotes.SciNotes.addEmptyTab()Lorg/scilab/modules/scinotes/ScilabEditorPane;+55
j  org.scilab.modules.scinotes.actions.NewAction.doAction()V+6
j  org.scilab.modules.scinotes.actions.DefaultAction.callBack()V+1
j  org.scilab.modules.gui.events.callback.CallBack.actionPerformed(Ljava/awt/event/ActionEvent;)V+7
j  javax.swing.AbstractButton.fireActionPerformed(Ljava/awt/event/ActionEvent;)V+84
j  javax.swing.AbstractButton$Handler.actionPerformed(Ljava/awt/event/ActionEvent;)V+5
j  javax.swing.DefaultButtonModel.fireActionPerformed(Ljava/awt/event/ActionEvent;)V+35
j  javax.swing.DefaultButtonModel.setPressed(Z)V+117
j  javax.swing.AbstractButton.doClick(I)V+64
j  javax.swing.plaf.basic.BasicMenuItemUI.doClick(Ljavax/swing/MenuSelectionManager;)V+53
j  javax.swing.plaf.basic.BasicMenuItemUI$Handler.mouseReleased(Ljava/awt/event/MouseEvent;)V+62
j  java.awt.Component.processMouseEvent(Ljava/awt/event/MouseEvent;)V+64
j  javax.swing.JComponent.processMouseEvent(Ljava/awt/event/MouseEvent;)V+23
J  java.awt.Component.processEvent(Ljava/awt/AWTEvent;)V
J  java.awt.Container.processEvent(Ljava/awt/AWTEvent;)V
J  java.awt.Component.dispatchEventImpl(Ljava/awt/AWTEvent;)V
J  java.awt.Container.dispatchEventImpl(Ljava/awt/AWTEvent;)V
J  java.awt.LightweightDispatcher.retargetMouseEvent(Ljava/awt/Component;ILjava/awt/event/MouseEvent;)V
J  java.awt.LightweightDispatcher.processMouseEvent(Ljava/awt/event/MouseEvent;)Z
J  java.awt.LightweightDispatcher.dispatchEvent(Ljava/awt/AWTEvent;)Z
J  java.awt.Container.dispatchEventImpl(Ljava/awt/AWTEvent;)V
J  java.awt.EventQueue.dispatchEvent(Ljava/awt/AWTEvent;)V
J  java.awt.EventDispatchThread.pumpOneEventForFilters(I)Z
J  java.awt.EventDispatchThread.pumpEventsForFilter(ILjava/awt/Conditional;Ljava/awt/EventFilter;)V
j  java.awt.EventDispatchThread.pumpEventsForHierarchy(ILjava/awt/Conditional;Ljava/awt/Component;)V+11
j  java.awt.EventDispatchThread.pumpEvents(ILjava/awt/Conditional;)V+4
j  java.awt.EventDispatchThread.pumpEvents(Ljava/awt/Conditional;)V+3
j  java.awt.EventDispatchThread.run()V+9
v  ~StubRoutines::call_stub

---------------  P R O C E S S  ---------------

Java Threads: ( => current thread )
  0x08545400 JavaThread "Thread-19" [_thread_blocked, id=1904, stack(0x07890000,0x07990000)]
  0x08371c00 JavaThread "Swing-Shell" daemon [_thread_blocked, id=8072, stack(0x07dc0000,0x07ec0000)]
  0x08441c00 JavaThread "TimerQueue" daemon [_thread_blocked, id=6064, stack(0x08a70000,0x08b70000)]
=>0x07417800 JavaThread "AWT-EventQueue-0" [_thread_in_native, id=5064, stack(0x08160000,0x08260000)]
  0x073d3400 JavaThread "AWT-Windows" daemon [_thread_in_native, id=4892, stack(0x07790000,0x07890000)]
  0x07412800 JavaThread "AWT-Shutdown" [_thread_blocked, id=5080, stack(0x07690000,0x07790000)]
  0x07410000 JavaThread "Java2D Disposer" daemon [_thread_blocked, id=5964, stack(0x07590000,0x07690000)]
  0x04a60800 JavaThread "Low Memory Detector" daemon [_thread_blocked, id=4908, stack(0x070a0000,0x071a0000)]
  0x04a5ec00 JavaThread "CompilerThread0" daemon [_thread_blocked, id=4728, stack(0x06fa0000,0x070a0000)]
  0x04a5d800 JavaThread "Attach Listener" daemon [_thread_blocked, id=4524, stack(0x06ea0000,0x06fa0000)]
  0x04a5ac00 JavaThread "Signal Dispatcher" daemon [_thread_blocked, id=5864, stack(0x06da0000,0x06ea0000)]
  0x04a2a400 JavaThread "Finalizer" daemon [_thread_blocked, id=5992, stack(0x06ca0000,0x06da0000)]
  0x04a29000 JavaThread "Reference Handler" daemon [_thread_blocked, id=4216, stack(0x06ba0000,0x06ca0000)]
  0x049b1800 JavaThread "main" [_thread_in_native, id=4060, stack(0x00030000,0x00130000)]

Other Threads:
  0x04a25800 VMThread [stack: 0x06aa0000,0x06ba0000] [id=6104]
  0x04a7b800 WatcherThread [stack: 0x071a0000,0x072a0000] [id=4904]

VM state:not at safepoint (normal execution)

VM Mutex/Monitor currently owned by a thread: None

Heap
 def new generation   total 18816K, used 8742K [0x10010000, 0x11470000, 0x15560000)
  eden space 16768K,  46% used [0x10010000, 0x107be8a0, 0x11070000)
  from space 2048K,  42% used [0x11270000, 0x1134b250, 0x11470000)
  to   space 2048K,   0% used [0x11070000, 0x11070000, 0x11270000)
 tenured generation   total 41640K, used 34456K [0x15560000, 0x17e0a000, 0x20010000)
   the space 41640K,  82% used [0x15560000, 0x17706088, 0x17706200, 0x17e0a000)
 compacting perm gen  total 19456K, used 19336K [0x20010000, 0x21310000, 0x24010000)
   the space 19456K,  99% used [0x20010000, 0x212f23b8, 0x212f2400, 0x21310000)
No shared spaces configured.

Dynamic libraries:
0x00400000 - 0x004c9000 	C:\Program Files\scilab-5.3.3\bin\WScilex.exe
0x775b0000 - 0x776ec000 	C:\Windows\SYSTEM32\ntdll.dll
0x75670000 - 0x75744000 	C:\Windows\system32\kernel32.dll
0x74f90000 - 0x74fda000 	C:\Windows\system32\KERNELBASE.dll
0x75290000 - 0x75359000 	C:\Windows\system32\USER32.dll
0x75390000 - 0x753de000 	C:\Windows\system32\GDI32.dll
0x75750000 - 0x7575a000 	C:\Windows\system32\LPK.dll
0x76ce0000 - 0x76d7d000 	C:\Windows\system32\USP10.dll
0x753e0000 - 0x7548c000 	C:\Windows\system32\msvcrt.dll
0x10000000 - 0x10007000 	C:\Program Files\scilab-5.3.3\bin\GetWindowsVersion.dll
0x713f0000 - 0x71493000 	C:\Windows\WinSxS\x86_microsoft.vc90.crt_1fc8b3b9a1e18e3b_9.0.30729.5054_none_509208cabcb9216b\MSVCR90.dll
0x757f0000 - 0x7580f000 	C:\Windows\system32\IMM32.DLL
0x751c0000 - 0x7528c000 	C:\Windows\system32\MSCTF.dll
0x011e0000 - 0x01244000 	C:\Program Files\scilab-5.3.3\bin\scilab_windows.DLL
0x013a0000 - 0x01529000 	C:\Program Files\scilab-5.3.3\bin\Libscilab.dll
0x01250000 - 0x0126a000 	C:\Program Files\scilab-5.3.3\bin\string.dll
0x01270000 - 0x0127a000 	C:\Program Files\scilab-5.3.3\bin\string_f.dll
0x01290000 - 0x012bc000 	C:\Program Files\scilab-5.3.3\bin\polynomials_f.dll
0x012d0000 - 0x01302000 	C:\Program Files\scilab-5.3.3\bin\output_stream.dll
0x01320000 - 0x01340000 	C:\Program Files\scilab-5.3.3\bin\sciconsole.dll
0x01350000 - 0x0135a000 	C:\Program Files\scilab-5.3.3\bin\libjvm.dll
0x01370000 - 0x01377000 	C:\Program Files\scilab-5.3.3\bin\call_scilab.dll
0x01530000 - 0x01593000 	C:\Program Files\scilab-5.3.3\bin\graphics.dll
0x015b0000 - 0x016fd000 	C:\Program Files\scilab-5.3.3\bin\scigui.dll
0x01710000 - 0x0187b000 	C:\Program Files\scilab-5.3.3\bin\scirenderer.dll
0x01890000 - 0x01896000 	C:\Program Files\scilab-5.3.3\bin\MALLOC.dll
0x018b0000 - 0x018b8000 	C:\Program Files\scilab-5.3.3\bin\doublylinkedlist.dll
0x708c0000 - 0x7094e000 	C:\Windows\WinSxS\x86_microsoft.vc90.crt_1fc8b3b9a1e18e3b_9.0.30729.5054_none_509208cabcb9216b\MSVCP90.dll
0x018d0000 - 0x01c9f000 	C:\Program Files\scilab-5.3.3\bin\libmmd.dll
0x01ca0000 - 0x01cb2000 	C:\Program Files\scilab-5.3.3\bin\libintl.dll
0x01cd0000 - 0x01cf6000 	C:\Program Files\scilab-5.3.3\bin\api_scilab.dll
0x01d10000 - 0x01d1f000 	C:\Program Files\scilab-5.3.3\bin\scilocalization.dll
0x01d30000 - 0x01d4b000 	C:\Program Files\scilab-5.3.3\bin\io.dll
0x01d60000 - 0x01d7a000 	C:\Program Files\scilab-5.3.3\bin\io_f.dll
0x01d90000 - 0x01da0000 	C:\Program Files\scilab-5.3.3\bin\output_stream_f.dll
0x01db0000 - 0x01e02000 	C:\Program Files\scilab-5.3.3\bin\elementary_functions_f.dll
0x01e20000 - 0x01e35000 	C:\Program Files\scilab-5.3.3\bin\elementary_functions.dll
0x01e50000 - 0x02668000 	C:\Program Files\scilab-5.3.3\bin\lapack.dll
0x02680000 - 0x02783000 	C:\Program Files\scilab-5.3.3\bin\libifcoremd.dll
0x75810000 - 0x7583a000 	C:\Windows\system32\imagehlp.dll
0x02790000 - 0x0284e000 	C:\Program Files\scilab-5.3.3\bin\libiomp5md.dll
0x02850000 - 0x02d21000 	C:\Program Files\scilab-5.3.3\bin\blasplus.dll
0x02d40000 - 0x02d69000 	C:\Program Files\scilab-5.3.3\bin\integer.dll
0x02d80000 - 0x02d91000 	C:\Program Files\scilab-5.3.3\bin\integer_f.dll
0x02db0000 - 0x02dbd000 	C:\Program Files\scilab-5.3.3\bin\linpack_f.dll
0x02dd0000 - 0x02dfa000 	C:\Program Files\scilab-5.3.3\bin\fileio.dll
0x75760000 - 0x757ef000 	C:\Windows\system32\OLEAUT32.dll
0x75510000 - 0x7566c000 	C:\Windows\system32\ole32.dll
0x76a10000 - 0x76ab1000 	C:\Windows\system32\RPCRT4.dll
0x02e10000 - 0x02e1a000 	C:\Program Files\scilab-5.3.3\bin\libshell.dll
0x02e30000 - 0x02e3d000 	C:\Program Files\scilab-5.3.3\bin\scicompletion.dll
0x02e50000 - 0x02e5a000 	C:\Program Files\scilab-5.3.3\bin\functions.dll
0x02e70000 - 0x02e78000 	C:\Program Files\scilab-5.3.3\bin\functions_f.dll
0x02e90000 - 0x02eb2000 	C:\Program Files\scilab-5.3.3\bin\scihistory_manager.dll
0x02ed0000 - 0x02ee8000 	C:\Program Files\scilab-5.3.3\bin\history_browser.dll
0x02f00000 - 0x02f07000 	C:\Program Files\scilab-5.3.3\bin\libst.dll
0x76b10000 - 0x76b67000 	C:\Windows\system32\SHLWAPI.dll
0x02f20000 - 0x02f65000 	C:\Program Files\scilab-5.3.3\bin\slatec_f.dll
0x02f80000 - 0x02fb8000 	C:\Program Files\scilab-5.3.3\bin\cacsd_f.dll
0x02fd0000 - 0x0307b000 	C:\Program Files\scilab-5.3.3\bin\slicot_f.dll
0x03090000 - 0x030b0000 	C:\Program Files\scilab-5.3.3\bin\linear_algebra_f.dll
0x030c0000 - 0x030cd000 	C:\Program Files\scilab-5.3.3\bin\linear_algebra.dll
0x030e0000 - 0x0312b000 	C:\Program Files\scilab-5.3.3\bin\dynamic_link.dll
0x03140000 - 0x0314f000 	C:\Program Files\scilab-5.3.3\bin\dynamic_link_f.dll
0x03160000 - 0x03167000 	C:\Program Files\scilab-5.3.3\bin\dynamiclibrary.dll
0x03180000 - 0x03210000 	C:\Program Files\scilab-5.3.3\bin\differential_equations_f.dll
0x03220000 - 0x03230000 	C:\Program Files\scilab-5.3.3\bin\differential_equations.dll
0x03240000 - 0x0324a000 	C:\Program Files\scilab-5.3.3\bin\eispack_f.dll
0x03260000 - 0x032a2000 	C:\Program Files\scilab-5.3.3\bin\sparse_f.dll
0x032c0000 - 0x032cc000 	C:\Program Files\scilab-5.3.3\bin\sparse.dll
0x759c0000 - 0x75a60000 	C:\Windows\system32\ADVAPI32.dll
0x75360000 - 0x75379000 	C:\Windows\SYSTEM32\sechost.dll
0x032e0000 - 0x032e8000 	C:\Program Files\scilab-5.3.3\bin\hashtable.dll
0x03300000 - 0x033f4000 	C:\Program Files\scilab-5.3.3\bin\libxml2.dll
0x708b0000 - 0x708b7000 	C:\Windows\system32\WSOCK32.dll
0x76ad0000 - 0x76b05000 	C:\Windows\system32\WS2_32.dll
0x776f0000 - 0x776f6000 	C:\Windows\system32\NSI.dll
0x03410000 - 0x034f2000 	C:\Program Files\scilab-5.3.3\bin\libiconv.dll
0x63810000 - 0x6382c000 	C:\Program Files\scilab-5.3.3\bin\pcre.dll
0x03520000 - 0x0352c000 	C:\Program Files\scilab-5.3.3\bin\boolean_f.dll
0x03540000 - 0x03548000 	C:\Program Files\scilab-5.3.3\bin\time.dll
0x03560000 - 0x0356a000 	C:\Program Files\scilab-5.3.3\bin\fftw.dll
0x03580000 - 0x03588000 	C:\Program Files\scilab-5.3.3\bin\cacsd.dll
0x035a0000 - 0x035ac000 	C:\Program Files\scilab-5.3.3\bin\windows_tools.dll
0x75c00000 - 0x76849000 	C:\Windows\system32\SHELL32.dll
0x73590000 - 0x735c2000 	C:\Windows\system32\WINMM.dll
0x035c0000 - 0x035d2000 	C:\Program Files\scilab-5.3.3\bin\boolean.dll
0x035f0000 - 0x03605000 	C:\Program Files\scilab-5.3.3\bin\data_structures_f.dll
0x03620000 - 0x0362a000 	C:\Program Files\scilab-5.3.3\bin\data_structures.dll
0x03640000 - 0x0364e000 	C:\Program Files\scilab-5.3.3\bin\double.dll
0x03660000 - 0x0366f000 	C:\Program Files\scilab-5.3.3\bin\double_f.dll
0x03680000 - 0x03687000 	C:\Program Files\scilab-5.3.3\bin\polynomials.dll
0x036a0000 - 0x036a7000 	C:\Program Files\scilab-5.3.3\bin\intersci.dll
0x75490000 - 0x7550b000 	C:\Windows\system32\COMDLG32.dll
0x74fe0000 - 0x75064000 	C:\Windows\WinSxS\x86_microsoft.windows.common-controls_6595b64144ccf1df_5.82.7600.16385_none_ebf82fc36c758ad5\COMCTL32.dll
0x037c0000 - 0x037dd000 	C:\Program Files\scilab-5.3.3\bin\gnu_gettext.dll
0x037f0000 - 0x038c9000 	C:\Program Files\scilab-5.3.3\bin\iconv.dll
0x73850000 - 0x73890000 	C:\Windows\system32\uxtheme.dll
0x68ed0000 - 0x68ed9000 	C:\ProgramData\Real\RealPlayer\BrowserRecordPlugin\Chrome\Hook\rpchrome150browserrecordhelper.dll
0x73490000 - 0x734a3000 	C:\Windows\system32\dwmapi.dll
0x74e40000 - 0x74e4c000 	C:\Windows\system32\CRYPTBASE.dll
0x03910000 - 0x0394e000 	C:\Program Files\Portrait Displays\Pivot Software\winphook.dll
0x76d80000 - 0x76e03000 	C:\Windows\system32\CLBCatQ.DLL
0x6d800000 - 0x6da97000 	C:\PROGRA~1\SCILAB~1.3\java\jre\bin\client\jvm.dll
0x7c340000 - 0x7c396000 	C:\Program Files\scilab-5.3.3\bin\MSVCR71.dll
0x74df0000 - 0x74e3b000 	C:\Windows\system32\apphelp.dll
0x6d7b0000 - 0x6d7bc000 	C:\PROGRA~1\SCILAB~1.3\java\jre\bin\verify.dll
0x6d330000 - 0x6d34f000 	C:\PROGRA~1\SCILAB~1.3\java\jre\bin\java.dll
0x6d290000 - 0x6d298000 	C:\PROGRA~1\SCILAB~1.3\java\jre\bin\hpi.dll
0x75380000 - 0x75385000 	C:\Windows\system32\PSAPI.DLL
0x6d7f0000 - 0x6d7ff000 	C:\PROGRA~1\SCILAB~1.3\java\jre\bin\zip.dll
0x03a00000 - 0x03a06000 	C:\Program Files\scilab-5.3.3\bin\scicommons.dll
0x6d000000 - 0x6d14a000 	C:\Program Files\scilab-5.3.3\java\JRE\bin\awt.dll
0x6fa70000 - 0x6fac1000 	C:\Windows\system32\WINSPOOL.DRV
0x6d230000 - 0x6d284000 	C:\Program Files\scilab-5.3.3\java\JRE\bin\fontmanager.dll
0x6d610000 - 0x6d623000 	C:\Program Files\scilab-5.3.3\java\JRE\bin\net.dll
0x74900000 - 0x7493c000 	C:\Windows\system32\mswsock.dll
0x748f0000 - 0x748f6000 	C:\Windows\System32\wship6.dll
0x6d630000 - 0x6d639000 	C:\Program Files\scilab-5.3.3\java\JRE\bin\nio.dll
0x74940000 - 0x74956000 	C:\Windows\system32\CRYPTSP.dll
0x746e0000 - 0x7471b000 	C:\Windows\system32\rsaenh.dll
0x74520000 - 0x74537000 	C:\Windows\system32\USERENV.dll
0x74ec0000 - 0x74ecb000 	C:\Windows\system32\profapi.dll
0x73c30000 - 0x73c40000 	C:\Windows\system32\NLAapi.dll
0x747c0000 - 0x74804000 	C:\Windows\system32\DNSAPI.dll
0x708a0000 - 0x708a8000 	C:\Windows\System32\winrnr.dll
0x70890000 - 0x708a0000 	C:\Windows\system32\napinsp.dll
0x70870000 - 0x70882000 	C:\Windows\system32\pnrpnsp.dll

VM Arguments:
jvm_args: -Djava.library.path= -Djava.util.logging.config.file=C:/PROGRA~1/SCILAB~1.3/etc/logging.properties -Djava.compiler=JIT -Xmx256m -Dapple.laf.useScreenMenuBar=true 
java_command: <unknown>
Launcher Type: generic

Environment Variables:
PATH=C:\Program Files\Microsoft Visual Studio 10.0\Common7\IDE\;C:\Program Files\Microsoft Visual Studio 10.0\VC\bin;C:\Program Files\Microsoft Visual Studio 10.0\Common7\Tools;C:\Program Files\Microsoft Visual Studio 10.0\VC\VCPackages;C:\Program Files\\Microsoft SDKs\Windows\v6.0A\bin;C:/Program Files/scilab-5.3.3/bin;C:\Program Files\Microchip\xc32\v1.00\bin;C:\Program Files\Microchip\xc16\v1.00\bin;C:\Program Files\Microchip\mplabc32\v2.01\bin;C:\Program Files\Microchip\mplabc30\v3.30c\bin;C:\Program Files\Microchip\mplabc18\v3.40\mpasm;C:\Program Files\Microchip\mplabc18\v3.40\bin;C:\Program Files\scicoslab-4.4.1\bin;C:\Program Files\Microchip\MPLAB C32\bin;C:\Windows\system32;C:\Windows;C:\Windows\System32\Wbem;C:\Windows\System32\WindowsPowerShell\v1.0\;C:\Program Files\Common Files\Adobe\AGL;C:\Program Files\Altium Designer Winter 09\System;C:\Program Files\Microsoft SQL Server\90\Tools\binn\;C:\Program Files\Microchip\MPLAB C32 Suite\bin;C:\Program Files\Microchip\MPLAB C30\bin;C:\Program Files\Microsoft SQL Server\100\Tools\Binn\;C:\Program Files\Microsoft SQL Server\100\DTS\Binn\;C:\Program Files\MATLAB\R2011b\runtime\win32;C:\Program Files\MATLAB\R2011b\bin;C:\Program Files\jEdit;C:\Program Files\Microchip\xc32\v1.00\bin;C:\Program Files\Microchip\xc16\v1.00\bin;C:\Program Files\Microchip\mplabc32\v2.01\bin;C:\Program Files\Microchip\mplabc18\v3.40\mpasm;C:\Program Files\Microchip\mplabc18\v3.40\bin;C:\MCC18\mpasm;C:\MCC18\bin;C:\Modeltech_xe_starter\win32xoem;
USERNAME=dew
OS=Windows_NT
PROCESSOR_IDENTIFIER=x86 Family 6 Model 15 Stepping 13, GenuineIntel



---------------  S Y S T E M  ---------------

OS: Windows 7 Build 7600 

CPU:total 2 (2 cores per cpu, 1 threads per core) family 6 model 15 stepping 13, cmov, cx8, fxsr, mmx, sse, sse2, sse3, ssse3

Memory: 4k page, physical 3660024k(1571984k free), swap 7318284k(4607456k free)

vm_info: Java HotSpot(TM) Client VM (16.0-b13) for windows-x86 JRE (1.6.0_18-b07), built on Dec 17 2009 13:35:55 by "java_re" with MS VC++ 7.1 (VS2003)

time: Sun Aug 19 18:53:19 2012
elapsed time: 1284 seconds

