#
# A fatal error has been detected by the Java Runtime Environment:
#
#  EXCEPTION_ACCESS_VIOLATION (0xc0000005) at pc=0x000007fe78415131, pid=3116, tid=356
#
# JRE version: 6.0_18-b07
# Java VM: Java HotSpot(TM) 64-Bit Server VM (16.0-b13 mixed mode windows-amd64 )
# Problematic frame:
# C  [ntdll.dll+0x5131]
#
# If you would like to submit a bug report, please visit:
#   http://java.sun.com/webapps/bugreport/crash.jsp
#

---------------  T H R E A D  ---------------

Current thread (0x000000000de31000):  JavaThread "AWT-EventQueue-0" [_thread_in_Java, id=356, stack(0x000000000c120000,0x000000000c220000)]

siginfo: ExceptionCode=0xc0000005, reading address 0xffffffffffffffff

Registers:
EAX=0x000000000c217001, EBX=0x0000000000000000, ECX=0x000000000c21e158, EDX=0x000000000c21e0c0
ESP=0x000000000c21dff8, EBP=0x000007fe64f109e0, ESI=0x0000000000000023, EDI=0x0000000000000003
EIP=0x000007fe78415131, EFLAGS=0x0000000000010202

Top of Stack: (sp=0x000000000c21dff8)
0x000000000c21dff8:   0000000000000202 000007fe7845fee1
0x000000000c21e008:   00000000104cd3e8 0000000000000000
0x000000000c21e018:   0000000000000000 0000000000000000
0x000000000c21e028:   000007fe78417504 00000000003d02f8
0x000000000c21e038:   0000000000000000 000000000d713c20
0x000000000c21e048:   0000000000000000 00000000003d02c0
0x000000000c21e058:   000000006dc0830c 0000000022151db0
0x000000000c21e068:   000000000c217000 000000000d22a590
0x000000000c21e078:   0000000000000003 00000000003d02c0
0x000000000c21e088:   000000000000000c 0000000061000061
0x000000000c21e098:   000000000000000c 00000000003d02c0
0x000000000c21e0a8:   000000006dc0830c 0000000006d80000
0x000000000c21e0b8:   0000000000000023 000000000c220000
0x000000000c21e0c8:   000000000d22a610 00000000003d0150
0x000000000c21e0d8:   000000006dc0835c 000000000d22a5d0
0x000000000c21e0e8:   0000000000000000 000007fe64f109e0 

Instructions: (pc=0x000007fe78415131)
0x000007fe78415121:   d9 b9 00 01 00 00 c7 81 02 01 00 00 00 00 00 00
0x000007fe78415131:   0f 29 b1 00 02 00 00 0f 29 b9 10 02 00 00 44 0f 


Stack: [0x000000000c120000,0x000000000c220000],  sp=0x000000000c21dff8,  free space=3f70000000000000000k
Native frames: (J=compiled Java code, j=interpreted, Vv=VM code, C=native code)
C  [ntdll.dll+0x5131]

Java frames: (J=compiled Java code, j=interpreted, Vv=VM code)
v  blob 0x0000000006eb703f
j  javax.swing.RepaintManager.extendDirtyRegion(Ljava/awt/Component;IIII)Z+10
j  javax.swing.RepaintManager.addDirtyRegion0(Ljava/awt/Container;IIII)V+38
j  javax.swing.RepaintManager.addDirtyRegion(Ljavax/swing/JComponent;IIII)V+33
j  javax.swing.JComponent.repaint(JIIII)V+12
j  java.awt.Component.repaint()V+12
j  java.awt.Component.repaintParentIfNeeded(IIII)V+37
j  java.awt.Component.reshape(IIII)V+276
j  javax.swing.JComponent.reshape(IIII)V+6
j  java.awt.Component.setBounds(IIII)V+6
j  java.awt.BorderLayout.layoutContainer(Ljava/awt/Container;)V+380
j  java.awt.Container.layout()V+11
j  java.awt.Container.doLayout()V+1
j  java.awt.Container.validateTree()V+30
j  java.awt.Container.validateTree()V+87
j  java.awt.Container.validateTree()V+87
j  java.awt.Container.validate()V+61
j  javax.swing.RepaintManager.validateInvalidComponents()V+58
j  javax.swing.SystemEventQueueUtilities$ComponentWorkRequest.run()V+32
j  java.awt.event.InvocationEvent.dispatch()V+47
j  java.awt.EventQueue.dispatchEvent(Ljava/awt/AWTEvent;)V+26
j  java.awt.EventDispatchThread.pumpOneEventForFilters(I)Z+204
j  java.awt.EventDispatchThread.pumpEventsForFilter(ILjava/awt/Conditional;Ljava/awt/EventFilter;)V+30
j  java.awt.EventDispatchThread.pumpEventsForHierarchy(ILjava/awt/Conditional;Ljava/awt/Component;)V+11
j  java.awt.EventDispatchThread.pumpEvents(ILjava/awt/Conditional;)V+4
j  java.awt.EventDispatchThread.pumpEvents(Ljava/awt/Conditional;)V+3
j  java.awt.EventDispatchThread.run()V+9
v  ~StubRoutines::call_stub

---------------  P R O C E S S  ---------------

Java Threads: ( => current thread )
=>0x000000000de31000 JavaThread "AWT-EventQueue-0" [_thread_in_Java, id=356, stack(0x000000000c120000,0x000000000c220000)]
  0x000000000ae2d800 JavaThread "Image Fetcher 0" daemon [_thread_blocked, id=380, stack(0x000000000bdd0000,0x000000000bed0000)]
  0x000000000ae34800 JavaThread "TimerQueue" daemon [_thread_blocked, id=1508, stack(0x000000000e130000,0x000000000e230000)]
  0x000000000ae31800 JavaThread "AWT-Windows" daemon [_thread_in_native, id=2004, stack(0x000000000bcd0000,0x000000000bdd0000)]
  0x000000000ae30000 JavaThread "AWT-Shutdown" [_thread_blocked, id=320, stack(0x000000000bad0000,0x000000000bbd0000)]
  0x000000000ae30800 JavaThread "Java2D Disposer" daemon [_thread_blocked, id=3468, stack(0x000000000b9d0000,0x000000000bad0000)]
  0x000000000ae33800 JavaThread "Low Memory Detector" daemon [_thread_blocked, id=1944, stack(0x000000000b3d0000,0x000000000b4d0000)]
  0x000000000ae2a800 JavaThread "CompilerThread1" daemon [_thread_in_native, id=1068, stack(0x000000000b2d0000,0x000000000b3d0000)]
  0x000000000ae25000 JavaThread "CompilerThread0" daemon [_thread_in_native, id=4056, stack(0x000000000b1d0000,0x000000000b2d0000)]
  0x000000000ae24000 JavaThread "Attach Listener" daemon [_thread_blocked, id=4052, stack(0x000000000b0d0000,0x000000000b1d0000)]
  0x000000000ae1c800 JavaThread "Signal Dispatcher" daemon [_thread_blocked, id=3592, stack(0x000000000afd0000,0x000000000b0d0000)]
  0x0000000006e69800 JavaThread "Finalizer" daemon [_thread_blocked, id=1556, stack(0x000000000acd0000,0x000000000add0000)]
  0x0000000006e66000 JavaThread "Reference Handler" daemon [_thread_blocked, id=3984, stack(0x000000000abd0000,0x000000000acd0000)]
  0x0000000006d83800 JavaThread "main" [_thread_blocked, id=2964, stack(0x0000000000040000,0x0000000000140000)]

Other Threads:
  0x0000000006e5a000 VMThread [stack: 0x000000000aad0000,0x000000000abd0000] [id=2624]
  0x000000000ae3b000 WatcherThread [stack: 0x000000000b4d0000,0x000000000b5d0000] [id=3312]

VM state:not at safepoint (normal execution)

VM Mutex/Monitor currently owned by a thread: None

Heap
 PSYoungGen      total 36864K, used 34185K [0x0000000020010000, 0x0000000022930000, 0x0000000025560000)
  eden space 31616K, 91% used [0x0000000020010000,0x0000000021c57c28,0x0000000021ef0000)
  from space 5248K, 99% used [0x0000000021ef0000,0x000000002240a950,0x0000000022410000)
  to   space 5248K, 0% used [0x0000000022410000,0x0000000022410000,0x0000000022930000)
 PSOldGen        total 84224K, used 2655K [0x0000000015560000, 0x000000001a7a0000, 0x0000000020010000)
  object space 84224K, 3% used [0x0000000015560000,0x00000000157f7c40,0x000000001a7a0000)
 PSPermGen       total 24896K, used 24816K [0x0000000010160000, 0x00000000119b0000, 0x0000000015560000)
  object space 24896K, 99% used [0x0000000010160000,0x000000001199c1b8,0x00000000119b0000)

Dynamic libraries:
0x0000000140000000 - 0x00000001400ca000 	C:\Program Files\scilab-5.3.3\bin\WScilex.exe
0x000007fe78410000 - 0x000007fe785cf000 	C:\Windows\SYSTEM32\ntdll.dll
0x000007fe76c50000 - 0x000007fe76d85000 	C:\Windows\system32\KERNEL32.DLL
0x000007fe749a0000 - 0x000007fe74a94000 	C:\Windows\system32\KERNELBASE.dll
0x000007fe6fa80000 - 0x000007fe6fb1f000 	C:\Windows\system32\apphelp.dll
0x000007fe64ab0000 - 0x000007fe64f31000 	C:\Windows\AppPatch\AppPatch64\AcLayers.DLL
0x000007fe76ef0000 - 0x000007fe76f96000 	C:\Windows\system32\msvcrt.dll
0x000007fe74f20000 - 0x000007fe7506b000 	C:\Windows\system32\USER32.dll
0x000007fe77210000 - 0x000007fe77260000 	C:\Windows\system32\SHLWAPI.dll
0x000007fe6c0c0000 - 0x000007fe6c0c3000 	C:\Windows\SYSTEM32\sfc.dll
0x000007fe6fb50000 - 0x000007fe6fbca000 	C:\Windows\SYSTEM32\WINSPOOL.DRV
0x000007fe76d90000 - 0x000007fe76ec8000 	C:\Windows\system32\GDI32.dll
0x000007fe6efa0000 - 0x000007fe6efb0000 	C:\Windows\SYSTEM32\sfc_os.DLL
0x000007fe6bf80000 - 0x000007fe6bf91000 	C:\Windows\SYSTEM32\SortWindows61.dll
0x000007fe74ce0000 - 0x000007fe74d19000 	C:\Windows\system32\IMM32.DLL
0x000007fe75280000 - 0x000007fe75392000 	C:\Windows\system32\MSCTF.dll
0x0000000180000000 - 0x0000000180008000 	C:\Program Files\scilab-5.3.3\bin\GetWindowsVersion.dll
0x00000000527d0000 - 0x0000000052873000 	C:\Windows\WinSxS\amd64_microsoft.vc90.crt_1fc8b3b9a1e18e3b_9.0.30729.6750_none_08e52dfda83c913f\MSVCR90.dll
0x0000000001dd0000 - 0x0000000001e3a000 	C:\Program Files\scilab-5.3.3\bin\scilab_windows.DLL
0x0000000001f60000 - 0x00000000020fe000 	C:\Program Files\scilab-5.3.3\bin\Libscilab.dll
0x0000000001e50000 - 0x0000000001e60000 	C:\Program Files\scilab-5.3.3\bin\scilocalization.dll
0x0000000002100000 - 0x000000000228f000 	C:\Program Files\scilab-5.3.3\bin\scigui.dll
0x000007fe77160000 - 0x000007fe77201000 	C:\Windows\system32\COMDLG32.dll
0x000007fe77760000 - 0x000007fe7783e000 	C:\Windows\system32\ADVAPI32.dll
0x000007fe75410000 - 0x000007fe766da000 	C:\Windows\system32\SHELL32.dll
0x0000000001e60000 - 0x0000000001e9f000 	C:\Program Files\scilab-5.3.3\bin\output_stream.dll
0x0000000001ea0000 - 0x0000000001ea7000 	C:\Program Files\scilab-5.3.3\bin\MALLOC.dll
0x0000000001eb0000 - 0x0000000001ee2000 	C:\Program Files\scilab-5.3.3\bin\fileio.dll
0x0000000001ef0000 - 0x0000000001efe000 	C:\Program Files\scilab-5.3.3\bin\windows_tools.dll
0x0000000001f00000 - 0x0000000001f13000 	C:\Program Files\scilab-5.3.3\bin\libintl.dll
0x0000000001f30000 - 0x0000000001f50000 	C:\Program Files\scilab-5.3.3\bin\string.dll
0x0000000002290000 - 0x0000000002299000 	C:\Program Files\scilab-5.3.3\bin\call_scilab.dll
0x00000000022a0000 - 0x00000000022ba000 	C:\Program Files\scilab-5.3.3\bin\elementary_functions.dll
0x00000000022c0000 - 0x00000000022e0000 	C:\Program Files\scilab-5.3.3\bin\io_f.dll
0x00000000022e0000 - 0x00000000022f1000 	C:\Program Files\scilab-5.3.3\bin\libshell.dll
0x0000000002300000 - 0x000000000230d000 	C:\Program Files\scilab-5.3.3\bin\boolean_f.dll
0x0000000002310000 - 0x0000000002364000 	C:\Program Files\scilab-5.3.3\bin\sparse_f.dll
0x0000000002370000 - 0x00000000023ec000 	C:\Program Files\scilab-5.3.3\bin\elementary_functions_f.dll
0x00000000023f0000 - 0x00000000023f9000 	C:\Program Files\scilab-5.3.3\bin\time.dll
0x0000000002400000 - 0x0000000002410000 	C:\Program Files\scilab-5.3.3\bin\sparse.dll
0x0000000002410000 - 0x000000000241b000 	C:\Program Files\scilab-5.3.3\bin\fftw.dll
0x0000000002420000 - 0x0000000002428000 	C:\Program Files\scilab-5.3.3\bin\cacsd.dll
0x0000000002430000 - 0x000000000257b000 	C:\Program Files\scilab-5.3.3\bin\libxml2.dll
0x0000000002580000 - 0x0000000002e1d000 	C:\Program Files\scilab-5.3.3\bin\blasplus.dll
0x0000000002e20000 - 0x0000000003b9e000 	C:\Program Files\scilab-5.3.3\bin\lapack.dll
0x0000000010000000 - 0x000000001015d000 	C:\Program Files\scilab-5.3.3\bin\libifcoremd.dll
0x0000000003ba0000 - 0x0000000003ebe000 	C:\Program Files\scilab-5.3.3\bin\libmmd.dll
0x0000000003ec0000 - 0x0000000003ef8000 	C:\Program Files\scilab-5.3.3\bin\polynomials_f.dll
0x0000000003f00000 - 0x0000000003f15000 	C:\Program Files\scilab-5.3.3\bin\boolean.dll
0x0000000003f20000 - 0x0000000003f2b000 	C:\Program Files\scilab-5.3.3\bin\string_f.dll
0x0000000003f30000 - 0x0000000003f44000 	C:\Program Files\scilab-5.3.3\bin\integer_f.dll
0x0000000003f50000 - 0x0000000003f63000 	C:\Program Files\scilab-5.3.3\bin\output_stream_f.dll
0x0000000003f70000 - 0x0000000003fe6000 	C:\Program Files\scilab-5.3.3\bin\graphics.dll
0x0000000003ff0000 - 0x0000000004008000 	C:\Program Files\scilab-5.3.3\bin\data_structures_f.dll
0x0000000004010000 - 0x000000000403f000 	C:\Program Files\scilab-5.3.3\bin\api_scilab.dll
0x0000000004040000 - 0x000000000404f000 	C:\Program Files\scilab-5.3.3\bin\scicompletion.dll
0x0000000004050000 - 0x0000000004089000 	C:\Program Files\scilab-5.3.3\bin\integer.dll
0x0000000004090000 - 0x000000000409d000 	C:\Program Files\scilab-5.3.3\bin\libjvm.dll
0x00000000040a0000 - 0x00000000040b0000 	C:\Program Files\scilab-5.3.3\bin\double.dll
0x00000000040b0000 - 0x00000000040b8000 	C:\Program Files\scilab-5.3.3\bin\polynomials.dll
0x00000000040c0000 - 0x00000000040cd000 	C:\Program Files\scilab-5.3.3\bin\data_structures.dll
0x00000000040d0000 - 0x00000000040e4000 	C:\Program Files\scilab-5.3.3\bin\linpack_f.dll
0x00000000040f0000 - 0x000000000411c000 	C:\Program Files\scilab-5.3.3\bin\scihistory_manager.dll
0x0000000004120000 - 0x0000000004145000 	C:\Program Files\scilab-5.3.3\bin\sciconsole.dll
0x0000000004150000 - 0x000000000419c000 	C:\Program Files\scilab-5.3.3\bin\dynamic_link.dll
0x00000000041a0000 - 0x00000000041b1000 	C:\Program Files\scilab-5.3.3\bin\differential_equations.dll
0x00000000041c0000 - 0x00000000041c8000 	C:\Program Files\scilab-5.3.3\bin\intersci.dll
0x00000000041d0000 - 0x00000000041df000 	C:\Program Files\scilab-5.3.3\bin\linear_algebra.dll
0x00000000041e0000 - 0x00000000041fe000 	C:\Program Files\scilab-5.3.3\bin\io.dll
0x0000000004200000 - 0x0000000004208000 	C:\Program Files\scilab-5.3.3\bin\dynamiclibrary.dll
0x0000000004230000 - 0x000000000440a000 	C:\Program Files\scilab-5.3.3\bin\scirenderer.dll
0x00000000526f0000 - 0x00000000527c3000 	C:\Windows\WinSxS\amd64_microsoft.vc90.crt_1fc8b3b9a1e18e3b_9.0.30729.6750_none_08e52dfda83c913f\MSVCP90.dll
0x000007fe74870000 - 0x000007fe74914000 	C:\Windows\WinSxS\amd64_microsoft.windows.common-controls_6595b64144ccf1df_5.82.8400.0_none_182afe5a34b633d1\COMCTL32.dll
0x000007fe76c00000 - 0x000007fe76c46000 	C:\Windows\SYSTEM32\sechost.dll
0x000007fe77620000 - 0x000007fe7775d000 	C:\Windows\system32\RPCRT4.dll
0x000007fe76fb0000 - 0x000007fe77156000 	C:\Windows\SYSTEM32\combase.dll
0x000007fe76780000 - 0x000007fe76842000 	C:\Windows\system32\OLEAUT32.dll
0x0000000004440000 - 0x0000000004448000 	C:\Program Files\scilab-5.3.3\bin\libst.dll
0x000007fe76850000 - 0x000007fe769cf000 	C:\Windows\system32\ole32.dll
0x000007fe6bea0000 - 0x000007fe6bec0000 	C:\Windows\SYSTEM32\WINMM.dll
0x000007fe6bf50000 - 0x000007fe6bf71000 	C:\Program Files\scilab-5.3.3\bin\pcre.dll
0x00000000044f0000 - 0x0000000004540000 	C:\Program Files\scilab-5.3.3\bin\slatec_f.dll
0x0000000004540000 - 0x0000000004584000 	C:\Program Files\scilab-5.3.3\bin\cacsd_f.dll
0x0000000004590000 - 0x000000000459b000 	C:\Program Files\scilab-5.3.3\bin\eispack_f.dll
0x00000000045a0000 - 0x0000000004664000 	C:\Program Files\scilab-5.3.3\bin\libiomp5md.dll
0x00000000046b0000 - 0x000000000478d000 	C:\Program Files\scilab-5.3.3\bin\slicot_f.dll
0x000007fe6bf40000 - 0x000007fe6bf49000 	C:\Windows\SYSTEM32\WSOCK32.dll
0x00000000047a0000 - 0x0000000004887000 	C:\Program Files\scilab-5.3.3\bin\libiconv.dll
0x000007fe76ed0000 - 0x000007fe76ee4000 	C:\Windows\system32\imagehlp.dll
0x0000000004910000 - 0x0000000004919000 	C:\Program Files\scilab-5.3.3\bin\doublylinkedlist.dll
0x0000000004920000 - 0x000000000492a000 	C:\Program Files\scilab-5.3.3\bin\hashtable.dll
0x0000000004960000 - 0x000000000496c000 	C:\Program Files\scilab-5.3.3\bin\functions.dll
0x00000000049a0000 - 0x00000000049b3000 	C:\Program Files\scilab-5.3.3\bin\double_f.dll
0x0000000004a00000 - 0x0000000004a1e000 	C:\Program Files\scilab-5.3.3\bin\history_browser.dll
0x0000000004a40000 - 0x0000000004a50000 	C:\Program Files\scilab-5.3.3\bin\dynamic_link_f.dll
0x0000000004a60000 - 0x0000000004b0e000 	C:\Program Files\scilab-5.3.3\bin\differential_equations_f.dll
0x0000000004b30000 - 0x0000000004b5b000 	C:\Program Files\scilab-5.3.3\bin\linear_algebra_f.dll
0x000007fe722a0000 - 0x000007fe722d2000 	C:\Windows\SYSTEM32\WINMMBASE.dll
0x000007fe74d20000 - 0x000007fe74d78000 	C:\Windows\system32\WS2_32.dll
0x0000000004c30000 - 0x0000000004c39000 	C:\Program Files\scilab-5.3.3\bin\functions_f.dll
0x000007fe72cd0000 - 0x000007fe72d5f000 	C:\Windows\SYSTEM32\SHCORE.DLL
0x000007fe76fa0000 - 0x000007fe76fa9000 	C:\Windows\system32\NSI.dll
0x0000000004d90000 - 0x0000000004e8e000 	C:\Program Files\scilab-5.3.3\bin\gnu_gettext.dll
0x000007fe73640000 - 0x000007fe73721000 	C:\Windows\system32\uxtheme.dll
0x000007fe72a50000 - 0x000007fe72a70000 	C:\Windows\SYSTEM32\dwmapi.dll
0x000007fe745e0000 - 0x000007fe745ea000 	C:\Windows\SYSTEM32\CRYPTBASE.dll
0x000007fe74580000 - 0x000007fe745db000 	C:\Windows\SYSTEM32\bcryptPrimitives.dll
0x000007fe766e0000 - 0x000007fe76776000 	C:\Windows\SYSTEM32\clbcatq.dll
0x000000006d7f0000 - 0x000000006de95000 	C:\PROGRA~1\SCILAB~1.3\java\jre\bin\server\jvm.dll
0x000000006d760000 - 0x000000006d76e000 	C:\PROGRA~1\SCILAB~1.3\java\jre\bin\verify.dll
0x000000006d3b0000 - 0x000000006d3d7000 	C:\PROGRA~1\SCILAB~1.3\java\jre\bin\java.dll
0x000000006d310000 - 0x000000006d31a000 	C:\PROGRA~1\SCILAB~1.3\java\jre\bin\hpi.dll
0x000007fe77270000 - 0x000007fe77277000 	C:\Windows\system32\PSAPI.DLL
0x000000006d7b0000 - 0x000000006d7c2000 	C:\PROGRA~1\SCILAB~1.3\java\jre\bin\zip.dll
0x00000000050a0000 - 0x00000000050a7000 	C:\Program Files\scilab-5.3.3\bin\scicommons.dll
0x000000006d000000 - 0x000000006d1c2000 	C:\Program Files\scilab-5.3.3\java\JRE\bin\awt.dll
0x000000006d2a0000 - 0x000000006d30b000 	C:\Program Files\scilab-5.3.3\java\JRE\bin\fontmanager.dll
0x000000006d600000 - 0x000000006d617000 	C:\Program Files\scilab-5.3.3\java\JRE\bin\net.dll
0x000007fe73ff0000 - 0x000007fe7404e000 	C:\Windows\system32\mswsock.dll
0x000000006d620000 - 0x000000006d62b000 	C:\Program Files\scilab-5.3.3\java\JRE\bin\nio.dll
0x000007fe74050000 - 0x000007fe7406a000 	C:\Windows\SYSTEM32\CRYPTSP.dll
0x000007fe73cd0000 - 0x000007fe73d19000 	C:\Windows\system32\rsaenh.dll
0x000007fe73dd0000 - 0x000007fe73ded000 	C:\Windows\SYSTEM32\USERENV.dll
0x000007fe747a0000 - 0x000007fe747b5000 	C:\Windows\SYSTEM32\profapi.dll
0x000007fe6ab00000 - 0x000007fe6ab14000 	C:\Windows\system32\napinsp.dll
0x000007fe6ab20000 - 0x000007fe6ab38000 	C:\Windows\system32\pnrpnsp.dll
0x000007fe721e0000 - 0x000007fe721f6000 	C:\Windows\system32\NLAapi.dll
0x000007fe73e30000 - 0x000007fe73ec9000 	C:\Windows\SYSTEM32\DNSAPI.dll

VM Arguments:
jvm_args: -Djava.library.path= -Djava.util.logging.config.file=C:/PROGRA~1/SCILAB~1.3/etc/logging.properties -Djava.compiler=JIT -Xmx256m -Dapple.laf.useScreenMenuBar=true 
java_command: <unknown>
Launcher Type: generic

Environment Variables:
PATH=C:/Program Files/scilab-5.3.3/bin;C:\Windows\system32;C:\Windows;C:\Windows\System32\Wbem;C:\Windows\System32\WindowsPowerShell\v1.0\;C:\Program Files\MATLAB\R2012a\runtime\win64;C:\Program Files\MATLAB\R2012a\bin;C:\Program Files\MATLAB\R2011b\runtime\win64;C:\Program Files\MATLAB\R2011b\bin
USERNAME=dew
OS=Windows_NT
PROCESSOR_IDENTIFIER=Intel64 Family 6 Model 42 Stepping 7, GenuineIntel



---------------  S Y S T E M  ---------------

OS: Windows 7 Build 7600 

CPU:total 4 (8 cores per cpu, 2 threads per core) family 6 model 42 stepping 7, cmov, cx8, fxsr, mmx, sse, sse2, sse3, ssse3, sse4.1, sse4.2, popcnt, ht

Memory: 4k page, physical 8084360k(5947892k free), swap 12802952k(10300900k free)

vm_info: Java HotSpot(TM) 64-Bit Server VM (16.0-b13) for windows-amd64 JRE (1.6.0_18-b07), built on Dec 17 2009 13:24:11 by "java_re" with MS VC++ 8.0 (VS2005)

time: Thu Sep 13 12:00:29 2012
elapsed time: 47 seconds

